<?xml version="1.0" encoding="UTF-8"?>
<testng-results skipped="0" failed="0" total="1" passed="1">
  <reporter-output>
  </reporter-output>
  <suite name="test01.TestTest" duration-ms="20" started-at="2016-10-23T20:49:55Z" finished-at="2016-10-23T20:49:55Z">
    <groups>
    </groups>
    <test name="Command line test" duration-ms="20" started-at="2016-10-23T20:49:55Z" finished-at="2016-10-23T20:49:55Z">
      <class name="test01.TestTest">
        <test-method status="PASS" signature="testPrint()[pri:0, instance:test01.TestTest@8d66b2]" name="testPrint" duration-ms="8" started-at="2016-10-23T13:49:55Z" finished-at="2016-10-23T13:49:55Z">
          <reporter-output>
          </reporter-output>
        </test-method> <!-- testPrint -->
      </class> <!-- test01.TestTest -->
    </test> <!-- Command line test -->
  </suite> <!-- test01.TestTest -->
</testng-results>
